<?xml version="1.0" encoding="UTF-8"?>
<testsuite xmlns:xsi="http://www.w3.org/2001/XMLSchema-instance" xsi:noNamespaceSchemaLocation="https://maven.apache.org/surefire/maven-surefire-plugin/xsd/surefire-test-report.xsd" name="umkm.icaland.apigateway.ApiGatewayApplicationTests" time="9.99" tests="1" errors="0" skipped="0" failures="0">
  <properties>
    <property name="sun.desktop" value="windows"/>
    <property name="awt.toolkit" value="sun.awt.windows.WToolkit"/>
    <property name="java.specification.version" value="11"/>
    <property name="sun.cpu.isalist" value="amd64"/>
    <property name="sun.jnu.encoding" value="Cp1252"/>
    <property name="java.class.path" value="E:\UMKM\api-gateway\target\test-classes;E:\UMKM\api-gateway\target\classes;D:\apache-maven-3.8.1\.m2\org\springframework\boot\spring-boot-starter-security\2.5.3\spring-boot-starter-security-2.5.3.jar;D:\apache-maven-3.8.1\.m2\org\springframework\boot\spring-boot-starter\2.5.3\spring-boot-starter-2.5.3.jar;D:\apache-maven-3.8.1\.m2\org\springframework\boot\spring-boot\2.5.3\spring-boot-2.5.3.jar;D:\apache-maven-3.8.1\.m2\org\springframework\boot\spring-boot-autoconfigure\2.5.3\spring-boot-autoconfigure-2.5.3.jar;D:\apache-maven-3.8.1\.m2\org\springframework\boot\spring-boot-starter-logging\2.5.3\spring-boot-starter-logging-2.5.3.jar;D:\apache-maven-3.8.1\.m2\ch\qos\logback\logback-classic\1.2.4\logback-classic-1.2.4.jar;D:\apache-maven-3.8.1\.m2\ch\qos\logback\logback-core\1.2.4\logback-core-1.2.4.jar;D:\apache-maven-3.8.1\.m2\org\apache\logging\log4j\log4j-to-slf4j\2.14.1\log4j-to-slf4j-2.14.1.jar;D:\apache-maven-3.8.1\.m2\org\apache\logging\log4j\log4j-api\2.14.1\log4j-api-2.14.1.jar;D:\apache-maven-3.8.1\.m2\org\slf4j\jul-to-slf4j\1.7.32\jul-to-slf4j-1.7.32.jar;D:\apache-maven-3.8.1\.m2\jakarta\annotation\jakarta.annotation-api\1.3.5\jakarta.annotation-api-1.3.5.jar;D:\apache-maven-3.8.1\.m2\org\yaml\snakeyaml\1.28\snakeyaml-1.28.jar;D:\apache-maven-3.8.1\.m2\org\springframework\spring-aop\5.3.9\spring-aop-5.3.9.jar;D:\apache-maven-3.8.1\.m2\org\springframework\spring-beans\5.3.9\spring-beans-5.3.9.jar;D:\apache-maven-3.8.1\.m2\org\springframework\security\spring-security-config\5.5.1\spring-security-config-5.5.1.jar;D:\apache-maven-3.8.1\.m2\org\springframework\spring-context\5.3.9\spring-context-5.3.9.jar;D:\apache-maven-3.8.1\.m2\org\springframework\security\spring-security-web\5.5.1\spring-security-web-5.5.1.jar;D:\apache-maven-3.8.1\.m2\org\springframework\spring-expression\5.3.9\spring-expression-5.3.9.jar;D:\apache-maven-3.8.1\.m2\org\springframework\spring-web\5.3.9\spring-web-5.3.9.jar;D:\apache-maven-3.8.1\.m2\org\springframework\cloud\spring-cloud-starter-gateway\3.0.3\spring-cloud-starter-gateway-3.0.3.jar;D:\apache-maven-3.8.1\.m2\org\springframework\cloud\spring-cloud-starter\3.0.3\spring-cloud-starter-3.0.3.jar;D:\apache-maven-3.8.1\.m2\org\springframework\cloud\spring-cloud-context\3.0.3\spring-cloud-context-3.0.3.jar;D:\apache-maven-3.8.1\.m2\org\springframework\cloud\spring-cloud-commons\3.0.3\spring-cloud-commons-3.0.3.jar;D:\apache-maven-3.8.1\.m2\org\springframework\security\spring-security-rsa\1.0.10.RELEASE\spring-security-rsa-1.0.10.RELEASE.jar;D:\apache-maven-3.8.1\.m2\org\bouncycastle\bcpkix-jdk15on\1.68\bcpkix-jdk15on-1.68.jar;D:\apache-maven-3.8.1\.m2\org\bouncycastle\bcprov-jdk15on\1.68\bcprov-jdk15on-1.68.jar;D:\apache-maven-3.8.1\.m2\org\springframework\cloud\spring-cloud-gateway-server\3.0.3\spring-cloud-gateway-server-3.0.3.jar;D:\apache-maven-3.8.1\.m2\org\springframework\boot\spring-boot-starter-validation\2.5.3\spring-boot-starter-validation-2.5.3.jar;D:\apache-maven-3.8.1\.m2\org\apache\tomcat\embed\tomcat-embed-el\9.0.50\tomcat-embed-el-9.0.50.jar;D:\apache-maven-3.8.1\.m2\org\hibernate\validator\hibernate-validator\6.2.0.Final\hibernate-validator-6.2.0.Final.jar;D:\apache-maven-3.8.1\.m2\jakarta\validation\jakarta.validation-api\2.0.2\jakarta.validation-api-2.0.2.jar;D:\apache-maven-3.8.1\.m2\org\jboss\logging\jboss-logging\3.4.2.Final\jboss-logging-3.4.2.Final.jar;D:\apache-maven-3.8.1\.m2\com\fasterxml\classmate\1.5.1\classmate-1.5.1.jar;D:\apache-maven-3.8.1\.m2\io\projectreactor\addons\reactor-extra\3.4.3\reactor-extra-3.4.3.jar;D:\apache-maven-3.8.1\.m2\org\springframework\boot\spring-boot-starter-webflux\2.5.3\spring-boot-starter-webflux-2.5.3.jar;D:\apache-maven-3.8.1\.m2\org\springframework\boot\spring-boot-starter-json\2.5.3\spring-boot-starter-json-2.5.3.jar;D:\apache-maven-3.8.1\.m2\com\fasterxml\jackson\core\jackson-databind\2.12.4\jackson-databind-2.12.4.jar;D:\apache-maven-3.8.1\.m2\com\fasterxml\jackson\core\jackson-annotations\2.12.4\jackson-annotations-2.12.4.jar;D:\apache-maven-3.8.1\.m2\com\fasterxml\jackson\core\jackson-core\2.12.4\jackson-core-2.12.4.jar;D:\apache-maven-3.8.1\.m2\com\fasterxml\jackson\datatype\jackson-datatype-jdk8\2.12.4\jackson-datatype-jdk8-2.12.4.jar;D:\apache-maven-3.8.1\.m2\com\fasterxml\jackson\datatype\jackson-datatype-jsr310\2.12.4\jackson-datatype-jsr310-2.12.4.jar;D:\apache-maven-3.8.1\.m2\com\fasterxml\jackson\module\jackson-module-parameter-names\2.12.4\jackson-module-parameter-names-2.12.4.jar;D:\apache-maven-3.8.1\.m2\org\springframework\boot\spring-boot-starter-reactor-netty\2.5.3\spring-boot-starter-reactor-netty-2.5.3.jar;D:\apache-maven-3.8.1\.m2\io\projectreactor\netty\reactor-netty-http\1.0.9\reactor-netty-http-1.0.9.jar;D:\apache-maven-3.8.1\.m2\io\netty\netty-resolver-dns\4.1.66.Final\netty-resolver-dns-4.1.66.Final.jar;D:\apache-maven-3.8.1\.m2\io\netty\netty-codec-dns\4.1.66.Final\netty-codec-dns-4.1.66.Final.jar;D:\apache-maven-3.8.1\.m2\io\netty\netty-resolver-dns-native-macos\4.1.66.Final\netty-resolver-dns-native-macos-4.1.66.Final-osx-x86_64.jar;D:\apache-maven-3.8.1\.m2\io\projectreactor\netty\reactor-netty-core\1.0.9\reactor-netty-core-1.0.9.jar;D:\apache-maven-3.8.1\.m2\io\netty\netty-handler-proxy\4.1.66.Final\netty-handler-proxy-4.1.66.Final.jar;D:\apache-maven-3.8.1\.m2\io\netty\netty-codec-socks\4.1.66.Final\netty-codec-socks-4.1.66.Final.jar;D:\apache-maven-3.8.1\.m2\org\springframework\spring-webflux\5.3.9\spring-webflux-5.3.9.jar;D:\apache-maven-3.8.1\.m2\org\springframework\boot\spring-boot-starter-test\2.5.3\spring-boot-starter-test-2.5.3.jar;D:\apache-maven-3.8.1\.m2\org\springframework\boot\spring-boot-test\2.5.3\spring-boot-test-2.5.3.jar;D:\apache-maven-3.8.1\.m2\org\springframework\boot\spring-boot-test-autoconfigure\2.5.3\spring-boot-test-autoconfigure-2.5.3.jar;D:\apache-maven-3.8.1\.m2\com\jayway\jsonpath\json-path\2.5.0\json-path-2.5.0.jar;D:\apache-maven-3.8.1\.m2\net\minidev\json-smart\2.4.7\json-smart-2.4.7.jar;D:\apache-maven-3.8.1\.m2\net\minidev\accessors-smart\2.4.7\accessors-smart-2.4.7.jar;D:\apache-maven-3.8.1\.m2\org\ow2\asm\asm\9.1\asm-9.1.jar;D:\apache-maven-3.8.1\.m2\jakarta\xml\bind\jakarta.xml.bind-api\2.3.3\jakarta.xml.bind-api-2.3.3.jar;D:\apache-maven-3.8.1\.m2\jakarta\activation\jakarta.activation-api\1.2.2\jakarta.activation-api-1.2.2.jar;D:\apache-maven-3.8.1\.m2\org\assertj\assertj-core\3.19.0\assertj-core-3.19.0.jar;D:\apache-maven-3.8.1\.m2\org\hamcrest\hamcrest\2.2\hamcrest-2.2.jar;D:\apache-maven-3.8.1\.m2\org\junit\jupiter\junit-jupiter\5.7.2\junit-jupiter-5.7.2.jar;D:\apache-maven-3.8.1\.m2\org\junit\jupiter\junit-jupiter-api\5.7.2\junit-jupiter-api-5.7.2.jar;D:\apache-maven-3.8.1\.m2\org\apiguardian\apiguardian-api\1.1.0\apiguardian-api-1.1.0.jar;D:\apache-maven-3.8.1\.m2\org\opentest4j\opentest4j\1.2.0\opentest4j-1.2.0.jar;D:\apache-maven-3.8.1\.m2\org\junit\platform\junit-platform-commons\1.7.2\junit-platform-commons-1.7.2.jar;D:\apache-maven-3.8.1\.m2\org\junit\jupiter\junit-jupiter-params\5.7.2\junit-jupiter-params-5.7.2.jar;D:\apache-maven-3.8.1\.m2\org\junit\jupiter\junit-jupiter-engine\5.7.2\junit-jupiter-engine-5.7.2.jar;D:\apache-maven-3.8.1\.m2\org\junit\platform\junit-platform-engine\1.7.2\junit-platform-engine-1.7.2.jar;D:\apache-maven-3.8.1\.m2\org\mockito\mockito-core\3.9.0\mockito-core-3.9.0.jar;D:\apache-maven-3.8.1\.m2\net\bytebuddy\byte-buddy\1.10.22\byte-buddy-1.10.22.jar;D:\apache-maven-3.8.1\.m2\net\bytebuddy\byte-buddy-agent\1.10.22\byte-buddy-agent-1.10.22.jar;D:\apache-maven-3.8.1\.m2\org\objenesis\objenesis\3.2\objenesis-3.2.jar;D:\apache-maven-3.8.1\.m2\org\mockito\mockito-junit-jupiter\3.9.0\mockito-junit-jupiter-3.9.0.jar;D:\apache-maven-3.8.1\.m2\org\skyscreamer\jsonassert\1.5.0\jsonassert-1.5.0.jar;D:\apache-maven-3.8.1\.m2\com\vaadin\external\google\android-json\0.0.20131108.vaadin1\android-json-0.0.20131108.vaadin1.jar;D:\apache-maven-3.8.1\.m2\org\springframework\spring-core\5.3.9\spring-core-5.3.9.jar;D:\apache-maven-3.8.1\.m2\org\springframework\spring-test\5.3.9\spring-test-5.3.9.jar;D:\apache-maven-3.8.1\.m2\org\xmlunit\xmlunit-core\2.8.2\xmlunit-core-2.8.2.jar;D:\apache-maven-3.8.1\.m2\org\springframework\security\spring-security-test\5.5.1\spring-security-test-5.5.1.jar;D:\apache-maven-3.8.1\.m2\org\springframework\security\spring-security-core\5.5.1\spring-security-core-5.5.1.jar;D:\apache-maven-3.8.1\.m2\org\springframework\security\spring-security-crypto\5.5.1\spring-security-crypto-5.5.1.jar;D:\apache-maven-3.8.1\.m2\org\springframework\boot\spring-boot-starter-thymeleaf\2.5.3\spring-boot-starter-thymeleaf-2.5.3.jar;D:\apache-maven-3.8.1\.m2\org\thymeleaf\thymeleaf-spring5\3.0.12.RELEASE\thymeleaf-spring5-3.0.12.RELEASE.jar;D:\apache-maven-3.8.1\.m2\org\thymeleaf\thymeleaf\3.0.12.RELEASE\thymeleaf-3.0.12.RELEASE.jar;D:\apache-maven-3.8.1\.m2\org\attoparser\attoparser\2.0.5.RELEASE\attoparser-2.0.5.RELEASE.jar;D:\apache-maven-3.8.1\.m2\org\unbescape\unbescape\1.1.6.RELEASE\unbescape-1.1.6.RELEASE.jar;D:\apache-maven-3.8.1\.m2\org\thymeleaf\extras\thymeleaf-extras-java8time\3.0.4.RELEASE\thymeleaf-extras-java8time-3.0.4.RELEASE.jar;D:\apache-maven-3.8.1\.m2\org\springframework\boot\spring-boot-starter-data-mongodb-reactive\2.5.3\spring-boot-starter-data-mongodb-reactive-2.5.3.jar;D:\apache-maven-3.8.1\.m2\io\projectreactor\reactor-core\3.4.8\reactor-core-3.4.8.jar;D:\apache-maven-3.8.1\.m2\org\mongodb\mongodb-driver-reactivestreams\4.2.3\mongodb-driver-reactivestreams-4.2.3.jar;D:\apache-maven-3.8.1\.m2\org\mongodb\bson\4.2.3\bson-4.2.3.jar;D:\apache-maven-3.8.1\.m2\org\mongodb\mongodb-driver-core\4.2.3\mongodb-driver-core-4.2.3.jar;D:\apache-maven-3.8.1\.m2\org\springframework\data\spring-data-mongodb\3.2.3\spring-data-mongodb-3.2.3.jar;D:\apache-maven-3.8.1\.m2\org\springframework\spring-tx\5.3.9\spring-tx-5.3.9.jar;D:\apache-maven-3.8.1\.m2\org\springframework\data\spring-data-commons\2.5.3\spring-data-commons-2.5.3.jar;D:\apache-maven-3.8.1\.m2\org\springframework\boot\spring-boot-starter-oauth2-client\2.5.3\spring-boot-starter-oauth2-client-2.5.3.jar;D:\apache-maven-3.8.1\.m2\com\sun\mail\jakarta.mail\1.6.7\jakarta.mail-1.6.7.jar;D:\apache-maven-3.8.1\.m2\com\sun\activation\jakarta.activation\1.2.2\jakarta.activation-1.2.2.jar;D:\apache-maven-3.8.1\.m2\org\springframework\security\spring-security-oauth2-client\5.5.1\spring-security-oauth2-client-5.5.1.jar;D:\apache-maven-3.8.1\.m2\org\springframework\security\spring-security-oauth2-core\5.5.1\spring-security-oauth2-core-5.5.1.jar;D:\apache-maven-3.8.1\.m2\com\nimbusds\oauth2-oidc-sdk\9.9\oauth2-oidc-sdk-9.9.jar;D:\apache-maven-3.8.1\.m2\com\github\stephenc\jcip\jcip-annotations\1.0-1\jcip-annotations-1.0-1.jar;D:\apache-maven-3.8.1\.m2\com\nimbusds\content-type\2.1\content-type-2.1.jar;D:\apache-maven-3.8.1\.m2\com\nimbusds\lang-tag\1.5\lang-tag-1.5.jar;D:\apache-maven-3.8.1\.m2\org\springframework\security\spring-security-oauth2-jose\5.5.1\spring-security-oauth2-jose-5.5.1.jar;D:\apache-maven-3.8.1\.m2\com\nimbusds\nimbus-jose-jwt\9.10\nimbus-jose-jwt-9.10.jar;D:\apache-maven-3.8.1\.m2\org\springframework\boot\spring-boot-starter-oauth2-resource-server\2.5.3\spring-boot-starter-oauth2-resource-server-2.5.3.jar;D:\apache-maven-3.8.1\.m2\org\springframework\security\spring-security-oauth2-resource-server\5.5.1\spring-security-oauth2-resource-server-5.5.1.jar;D:\apache-maven-3.8.1\.m2\org\springframework\boot\spring-boot-starter-data-redis-reactive\2.5.3\spring-boot-starter-data-redis-reactive-2.5.3.jar;D:\apache-maven-3.8.1\.m2\org\springframework\boot\spring-boot-starter-data-redis\2.5.3\spring-boot-starter-data-redis-2.5.3.jar;D:\apache-maven-3.8.1\.m2\io\lettuce\lettuce-core\6.1.4.RELEASE\lettuce-core-6.1.4.RELEASE.jar;D:\apache-maven-3.8.1\.m2\org\springframework\session\spring-session-core\2.5.1\spring-session-core-2.5.1.jar;D:\apache-maven-3.8.1\.m2\org\springframework\spring-jcl\5.3.9\spring-jcl-5.3.9.jar;D:\apache-maven-3.8.1\.m2\org\springframework\session\spring-session-data-redis\2.5.1\spring-session-data-redis-2.5.1.jar;D:\apache-maven-3.8.1\.m2\org\springframework\data\spring-data-redis\2.5.3\spring-data-redis-2.5.3.jar;D:\apache-maven-3.8.1\.m2\org\springframework\data\spring-data-keyvalue\2.5.3\spring-data-keyvalue-2.5.3.jar;D:\apache-maven-3.8.1\.m2\org\springframework\spring-oxm\5.3.9\spring-oxm-5.3.9.jar;D:\apache-maven-3.8.1\.m2\org\springframework\spring-context-support\5.3.9\spring-context-support-5.3.9.jar;D:\apache-maven-3.8.1\.m2\software\amazon\awssdk\s3\2.17.34\s3-2.17.34.jar;D:\apache-maven-3.8.1\.m2\software\amazon\awssdk\aws-xml-protocol\2.17.34\aws-xml-protocol-2.17.34.jar;D:\apache-maven-3.8.1\.m2\software\amazon\awssdk\aws-query-protocol\2.17.34\aws-query-protocol-2.17.34.jar;D:\apache-maven-3.8.1\.m2\software\amazon\awssdk\protocol-core\2.17.34\protocol-core-2.17.34.jar;D:\apache-maven-3.8.1\.m2\software\amazon\awssdk\arns\2.17.34\arns-2.17.34.jar;D:\apache-maven-3.8.1\.m2\software\amazon\awssdk\profiles\2.17.34\profiles-2.17.34.jar;D:\apache-maven-3.8.1\.m2\software\amazon\awssdk\sdk-core\2.17.34\sdk-core-2.17.34.jar;D:\apache-maven-3.8.1\.m2\software\amazon\awssdk\auth\2.17.34\auth-2.17.34.jar;D:\apache-maven-3.8.1\.m2\software\amazon\awssdk\json-utils\2.17.34\json-utils-2.17.34.jar;D:\apache-maven-3.8.1\.m2\software\amazon\awssdk\third-party-jackson-core\2.17.34\third-party-jackson-core-2.17.34.jar;D:\apache-maven-3.8.1\.m2\software\amazon\eventstream\eventstream\1.0.1\eventstream-1.0.1.jar;D:\apache-maven-3.8.1\.m2\software\amazon\awssdk\http-client-spi\2.17.34\http-client-spi-2.17.34.jar;D:\apache-maven-3.8.1\.m2\software\amazon\awssdk\regions\2.17.34\regions-2.17.34.jar;D:\apache-maven-3.8.1\.m2\software\amazon\awssdk\annotations\2.17.34\annotations-2.17.34.jar;D:\apache-maven-3.8.1\.m2\software\amazon\awssdk\utils\2.17.34\utils-2.17.34.jar;D:\apache-maven-3.8.1\.m2\software\amazon\awssdk\aws-core\2.17.34\aws-core-2.17.34.jar;D:\apache-maven-3.8.1\.m2\software\amazon\awssdk\metrics-spi\2.17.34\metrics-spi-2.17.34.jar;D:\apache-maven-3.8.1\.m2\software\amazon\awssdk\apache-client\2.17.34\apache-client-2.17.34.jar;D:\apache-maven-3.8.1\.m2\org\apache\httpcomponents\httpclient\4.5.13\httpclient-4.5.13.jar;D:\apache-maven-3.8.1\.m2\commons-codec\commons-codec\1.15\commons-codec-1.15.jar;D:\apache-maven-3.8.1\.m2\org\apache\httpcomponents\httpcore\4.4.14\httpcore-4.4.14.jar;D:\apache-maven-3.8.1\.m2\software\amazon\awssdk\netty-nio-client\2.17.34\netty-nio-client-2.17.34.jar;D:\apache-maven-3.8.1\.m2\io\netty\netty-codec-http\4.1.66.Final\netty-codec-http-4.1.66.Final.jar;D:\apache-maven-3.8.1\.m2\io\netty\netty-codec-http2\4.1.66.Final\netty-codec-http2-4.1.66.Final.jar;D:\apache-maven-3.8.1\.m2\io\netty\netty-codec\4.1.66.Final\netty-codec-4.1.66.Final.jar;D:\apache-maven-3.8.1\.m2\io\netty\netty-transport\4.1.66.Final\netty-transport-4.1.66.Final.jar;D:\apache-maven-3.8.1\.m2\io\netty\netty-resolver\4.1.66.Final\netty-resolver-4.1.66.Final.jar;D:\apache-maven-3.8.1\.m2\io\netty\netty-common\4.1.66.Final\netty-common-4.1.66.Final.jar;D:\apache-maven-3.8.1\.m2\io\netty\netty-buffer\4.1.66.Final\netty-buffer-4.1.66.Final.jar;D:\apache-maven-3.8.1\.m2\io\netty\netty-handler\4.1.66.Final\netty-handler-4.1.66.Final.jar;D:\apache-maven-3.8.1\.m2\io\netty\netty-transport-native-epoll\4.1.66.Final\netty-transport-native-epoll-4.1.66.Final-linux-x86_64.jar;D:\apache-maven-3.8.1\.m2\io\netty\netty-transport-native-unix-common\4.1.66.Final\netty-transport-native-unix-common-4.1.66.Final.jar;D:\apache-maven-3.8.1\.m2\com\typesafe\netty\netty-reactive-streams-http\2.0.5\netty-reactive-streams-http-2.0.5.jar;D:\apache-maven-3.8.1\.m2\com\typesafe\netty\netty-reactive-streams\2.0.5\netty-reactive-streams-2.0.5.jar;D:\apache-maven-3.8.1\.m2\org\reactivestreams\reactive-streams\1.0.3\reactive-streams-1.0.3.jar;D:\apache-maven-3.8.1\.m2\org\slf4j\slf4j-api\1.7.32\slf4j-api-1.7.32.jar;D:\apache-maven-3.8.1\.m2\org\springframework\boot\spring-boot-starter-data-mongodb\2.5.3\spring-boot-starter-data-mongodb-2.5.3.jar;D:\apache-maven-3.8.1\.m2\org\mongodb\mongodb-driver-sync\4.2.3\mongodb-driver-sync-4.2.3.jar;"/>
    <property name="java.vm.vendor" value="GraalVM Community"/>
    <property name="sun.arch.data.model" value="64"/>
    <property name="user.variant" value=""/>
    <property name="java.vendor.url" value="https://www.graalvm.org/"/>
    <property name="user.timezone" value="Asia/Bangkok"/>
    <property name="java.vm.specification.version" value="11"/>
    <property name="os.name" value="Windows 10"/>
    <property name="sun.java.launcher" value="SUN_STANDARD"/>
    <property name="user.country" value="ID"/>
    <property name="sun.boot.library.path" value="C:\Program Files\Java\graalvm-ce-java11-20.3.3\bin"/>
    <property name="sun.java.command" value="C:\Users\GALIHD~1\AppData\Local\Temp\surefire5672269167965478794\surefirebooter13967580112969359635.jar C:\Users\galih diarsyah\AppData\Local\Temp\surefire5672269167965478794 2021-10-01T01-49-16_321-jvmRun1 surefire13193461668142410356tmp surefire_013560315544314429983tmp"/>
    <property name="jdk.debug" value="release"/>
    <property name="surefire.test.class.path" value="E:\UMKM\api-gateway\target\test-classes;E:\UMKM\api-gateway\target\classes;D:\apache-maven-3.8.1\.m2\org\springframework\boot\spring-boot-starter-security\2.5.3\spring-boot-starter-security-2.5.3.jar;D:\apache-maven-3.8.1\.m2\org\springframework\boot\spring-boot-starter\2.5.3\spring-boot-starter-2.5.3.jar;D:\apache-maven-3.8.1\.m2\org\springframework\boot\spring-boot\2.5.3\spring-boot-2.5.3.jar;D:\apache-maven-3.8.1\.m2\org\springframework\boot\spring-boot-autoconfigure\2.5.3\spring-boot-autoconfigure-2.5.3.jar;D:\apache-maven-3.8.1\.m2\org\springframework\boot\spring-boot-starter-logging\2.5.3\spring-boot-starter-logging-2.5.3.jar;D:\apache-maven-3.8.1\.m2\ch\qos\logback\logback-classic\1.2.4\logback-classic-1.2.4.jar;D:\apache-maven-3.8.1\.m2\ch\qos\logback\logback-core\1.2.4\logback-core-1.2.4.jar;D:\apache-maven-3.8.1\.m2\org\apache\logging\log4j\log4j-to-slf4j\2.14.1\log4j-to-slf4j-2.14.1.jar;D:\apache-maven-3.8.1\.m2\org\apache\logging\log4j\log4j-api\2.14.1\log4j-api-2.14.1.jar;D:\apache-maven-3.8.1\.m2\org\slf4j\jul-to-slf4j\1.7.32\jul-to-slf4j-1.7.32.jar;D:\apache-maven-3.8.1\.m2\jakarta\annotation\jakarta.annotation-api\1.3.5\jakarta.annotation-api-1.3.5.jar;D:\apache-maven-3.8.1\.m2\org\yaml\snakeyaml\1.28\snakeyaml-1.28.jar;D:\apache-maven-3.8.1\.m2\org\springframework\spring-aop\5.3.9\spring-aop-5.3.9.jar;D:\apache-maven-3.8.1\.m2\org\springframework\spring-beans\5.3.9\spring-beans-5.3.9.jar;D:\apache-maven-3.8.1\.m2\org\springframework\security\spring-security-config\5.5.1\spring-security-config-5.5.1.jar;D:\apache-maven-3.8.1\.m2\org\springframework\spring-context\5.3.9\spring-context-5.3.9.jar;D:\apache-maven-3.8.1\.m2\org\springframework\security\spring-security-web\5.5.1\spring-security-web-5.5.1.jar;D:\apache-maven-3.8.1\.m2\org\springframework\spring-expression\5.3.9\spring-expression-5.3.9.jar;D:\apache-maven-3.8.1\.m2\org\springframework\spring-web\5.3.9\spring-web-5.3.9.jar;D:\apache-maven-3.8.1\.m2\org\springframework\cloud\spring-cloud-starter-gateway\3.0.3\spring-cloud-starter-gateway-3.0.3.jar;D:\apache-maven-3.8.1\.m2\org\springframework\cloud\spring-cloud-starter\3.0.3\spring-cloud-starter-3.0.3.jar;D:\apache-maven-3.8.1\.m2\org\springframework\cloud\spring-cloud-context\3.0.3\spring-cloud-context-3.0.3.jar;D:\apache-maven-3.8.1\.m2\org\springframework\cloud\spring-cloud-commons\3.0.3\spring-cloud-commons-3.0.3.jar;D:\apache-maven-3.8.1\.m2\org\springframework\security\spring-security-rsa\1.0.10.RELEASE\spring-security-rsa-1.0.10.RELEASE.jar;D:\apache-maven-3.8.1\.m2\org\bouncycastle\bcpkix-jdk15on\1.68\bcpkix-jdk15on-1.68.jar;D:\apache-maven-3.8.1\.m2\org\bouncycastle\bcprov-jdk15on\1.68\bcprov-jdk15on-1.68.jar;D:\apache-maven-3.8.1\.m2\org\springframework\cloud\spring-cloud-gateway-server\3.0.3\spring-cloud-gateway-server-3.0.3.jar;D:\apache-maven-3.8.1\.m2\org\springframework\boot\spring-boot-starter-validation\2.5.3\spring-boot-starter-validation-2.5.3.jar;D:\apache-maven-3.8.1\.m2\org\apache\tomcat\embed\tomcat-embed-el\9.0.50\tomcat-embed-el-9.0.50.jar;D:\apache-maven-3.8.1\.m2\org\hibernate\validator\hibernate-validator\6.2.0.Final\hibernate-validator-6.2.0.Final.jar;D:\apache-maven-3.8.1\.m2\jakarta\validation\jakarta.validation-api\2.0.2\jakarta.validation-api-2.0.2.jar;D:\apache-maven-3.8.1\.m2\org\jboss\logging\jboss-logging\3.4.2.Final\jboss-logging-3.4.2.Final.jar;D:\apache-maven-3.8.1\.m2\com\fasterxml\classmate\1.5.1\classmate-1.5.1.jar;D:\apache-maven-3.8.1\.m2\io\projectreactor\addons\reactor-extra\3.4.3\reactor-extra-3.4.3.jar;D:\apache-maven-3.8.1\.m2\org\springframework\boot\spring-boot-starter-webflux\2.5.3\spring-boot-starter-webflux-2.5.3.jar;D:\apache-maven-3.8.1\.m2\org\springframework\boot\spring-boot-starter-json\2.5.3\spring-boot-starter-json-2.5.3.jar;D:\apache-maven-3.8.1\.m2\com\fasterxml\jackson\core\jackson-databind\2.12.4\jackson-databind-2.12.4.jar;D:\apache-maven-3.8.1\.m2\com\fasterxml\jackson\core\jackson-annotations\2.12.4\jackson-annotations-2.12.4.jar;D:\apache-maven-3.8.1\.m2\com\fasterxml\jackson\core\jackson-core\2.12.4\jackson-core-2.12.4.jar;D:\apache-maven-3.8.1\.m2\com\fasterxml\jackson\datatype\jackson-datatype-jdk8\2.12.4\jackson-datatype-jdk8-2.12.4.jar;D:\apache-maven-3.8.1\.m2\com\fasterxml\jackson\datatype\jackson-datatype-jsr310\2.12.4\jackson-datatype-jsr310-2.12.4.jar;D:\apache-maven-3.8.1\.m2\com\fasterxml\jackson\module\jackson-module-parameter-names\2.12.4\jackson-module-parameter-names-2.12.4.jar;D:\apache-maven-3.8.1\.m2\org\springframework\boot\spring-boot-starter-reactor-netty\2.5.3\spring-boot-starter-reactor-netty-2.5.3.jar;D:\apache-maven-3.8.1\.m2\io\projectreactor\netty\reactor-netty-http\1.0.9\reactor-netty-http-1.0.9.jar;D:\apache-maven-3.8.1\.m2\io\netty\netty-resolver-dns\4.1.66.Final\netty-resolver-dns-4.1.66.Final.jar;D:\apache-maven-3.8.1\.m2\io\netty\netty-codec-dns\4.1.66.Final\netty-codec-dns-4.1.66.Final.jar;D:\apache-maven-3.8.1\.m2\io\netty\netty-resolver-dns-native-macos\4.1.66.Final\netty-resolver-dns-native-macos-4.1.66.Final-osx-x86_64.jar;D:\apache-maven-3.8.1\.m2\io\projectreactor\netty\reactor-netty-core\1.0.9\reactor-netty-core-1.0.9.jar;D:\apache-maven-3.8.1\.m2\io\netty\netty-handler-proxy\4.1.66.Final\netty-handler-proxy-4.1.66.Final.jar;D:\apache-maven-3.8.1\.m2\io\netty\netty-codec-socks\4.1.66.Final\netty-codec-socks-4.1.66.Final.jar;D:\apache-maven-3.8.1\.m2\org\springframework\spring-webflux\5.3.9\spring-webflux-5.3.9.jar;D:\apache-maven-3.8.1\.m2\org\springframework\boot\spring-boot-starter-test\2.5.3\spring-boot-starter-test-2.5.3.jar;D:\apache-maven-3.8.1\.m2\org\springframework\boot\spring-boot-test\2.5.3\spring-boot-test-2.5.3.jar;D:\apache-maven-3.8.1\.m2\org\springframework\boot\spring-boot-test-autoconfigure\2.5.3\spring-boot-test-autoconfigure-2.5.3.jar;D:\apache-maven-3.8.1\.m2\com\jayway\jsonpath\json-path\2.5.0\json-path-2.5.0.jar;D:\apache-maven-3.8.1\.m2\net\minidev\json-smart\2.4.7\json-smart-2.4.7.jar;D:\apache-maven-3.8.1\.m2\net\minidev\accessors-smart\2.4.7\accessors-smart-2.4.7.jar;D:\apache-maven-3.8.1\.m2\org\ow2\asm\asm\9.1\asm-9.1.jar;D:\apache-maven-3.8.1\.m2\jakarta\xml\bind\jakarta.xml.bind-api\2.3.3\jakarta.xml.bind-api-2.3.3.jar;D:\apache-maven-3.8.1\.m2\jakarta\activation\jakarta.activation-api\1.2.2\jakarta.activation-api-1.2.2.jar;D:\apache-maven-3.8.1\.m2\org\assertj\assertj-core\3.19.0\assertj-core-3.19.0.jar;D:\apache-maven-3.8.1\.m2\org\hamcrest\hamcrest\2.2\hamcrest-2.2.jar;D:\apache-maven-3.8.1\.m2\org\junit\jupiter\junit-jupiter\5.7.2\junit-jupiter-5.7.2.jar;D:\apache-maven-3.8.1\.m2\org\junit\jupiter\junit-jupiter-api\5.7.2\junit-jupiter-api-5.7.2.jar;D:\apache-maven-3.8.1\.m2\org\apiguardian\apiguardian-api\1.1.0\apiguardian-api-1.1.0.jar;D:\apache-maven-3.8.1\.m2\org\opentest4j\opentest4j\1.2.0\opentest4j-1.2.0.jar;D:\apache-maven-3.8.1\.m2\org\junit\platform\junit-platform-commons\1.7.2\junit-platform-commons-1.7.2.jar;D:\apache-maven-3.8.1\.m2\org\junit\jupiter\junit-jupiter-params\5.7.2\junit-jupiter-params-5.7.2.jar;D:\apache-maven-3.8.1\.m2\org\junit\jupiter\junit-jupiter-engine\5.7.2\junit-jupiter-engine-5.7.2.jar;D:\apache-maven-3.8.1\.m2\org\junit\platform\junit-platform-engine\1.7.2\junit-platform-engine-1.7.2.jar;D:\apache-maven-3.8.1\.m2\org\mockito\mockito-core\3.9.0\mockito-core-3.9.0.jar;D:\apache-maven-3.8.1\.m2\net\bytebuddy\byte-buddy\1.10.22\byte-buddy-1.10.22.jar;D:\apache-maven-3.8.1\.m2\net\bytebuddy\byte-buddy-agent\1.10.22\byte-buddy-agent-1.10.22.jar;D:\apache-maven-3.8.1\.m2\org\objenesis\objenesis\3.2\objenesis-3.2.jar;D:\apache-maven-3.8.1\.m2\org\mockito\mockito-junit-jupiter\3.9.0\mockito-junit-jupiter-3.9.0.jar;D:\apache-maven-3.8.1\.m2\org\skyscreamer\jsonassert\1.5.0\jsonassert-1.5.0.jar;D:\apache-maven-3.8.1\.m2\com\vaadin\external\google\android-json\0.0.20131108.vaadin1\android-json-0.0.20131108.vaadin1.jar;D:\apache-maven-3.8.1\.m2\org\springframework\spring-core\5.3.9\spring-core-5.3.9.jar;D:\apache-maven-3.8.1\.m2\org\springframework\spring-test\5.3.9\spring-test-5.3.9.jar;D:\apache-maven-3.8.1\.m2\org\xmlunit\xmlunit-core\2.8.2\xmlunit-core-2.8.2.jar;D:\apache-maven-3.8.1\.m2\org\springframework\security\spring-security-test\5.5.1\spring-security-test-5.5.1.jar;D:\apache-maven-3.8.1\.m2\org\springframework\security\spring-security-core\5.5.1\spring-security-core-5.5.1.jar;D:\apache-maven-3.8.1\.m2\org\springframework\security\spring-security-crypto\5.5.1\spring-security-crypto-5.5.1.jar;D:\apache-maven-3.8.1\.m2\org\springframework\boot\spring-boot-starter-thymeleaf\2.5.3\spring-boot-starter-thymeleaf-2.5.3.jar;D:\apache-maven-3.8.1\.m2\org\thymeleaf\thymeleaf-spring5\3.0.12.RELEASE\thymeleaf-spring5-3.0.12.RELEASE.jar;D:\apache-maven-3.8.1\.m2\org\thymeleaf\thymeleaf\3.0.12.RELEASE\thymeleaf-3.0.12.RELEASE.jar;D:\apache-maven-3.8.1\.m2\org\attoparser\attoparser\2.0.5.RELEASE\attoparser-2.0.5.RELEASE.jar;D:\apache-maven-3.8.1\.m2\org\unbescape\unbescape\1.1.6.RELEASE\unbescape-1.1.6.RELEASE.jar;D:\apache-maven-3.8.1\.m2\org\thymeleaf\extras\thymeleaf-extras-java8time\3.0.4.RELEASE\thymeleaf-extras-java8time-3.0.4.RELEASE.jar;D:\apache-maven-3.8.1\.m2\org\springframework\boot\spring-boot-starter-data-mongodb-reactive\2.5.3\spring-boot-starter-data-mongodb-reactive-2.5.3.jar;D:\apache-maven-3.8.1\.m2\io\projectreactor\reactor-core\3.4.8\reactor-core-3.4.8.jar;D:\apache-maven-3.8.1\.m2\org\mongodb\mongodb-driver-reactivestreams\4.2.3\mongodb-driver-reactivestreams-4.2.3.jar;D:\apache-maven-3.8.1\.m2\org\mongodb\bson\4.2.3\bson-4.2.3.jar;D:\apache-maven-3.8.1\.m2\org\mongodb\mongodb-driver-core\4.2.3\mongodb-driver-core-4.2.3.jar;D:\apache-maven-3.8.1\.m2\org\springframework\data\spring-data-mongodb\3.2.3\spring-data-mongodb-3.2.3.jar;D:\apache-maven-3.8.1\.m2\org\springframework\spring-tx\5.3.9\spring-tx-5.3.9.jar;D:\apache-maven-3.8.1\.m2\org\springframework\data\spring-data-commons\2.5.3\spring-data-commons-2.5.3.jar;D:\apache-maven-3.8.1\.m2\org\springframework\boot\spring-boot-starter-oauth2-client\2.5.3\spring-boot-starter-oauth2-client-2.5.3.jar;D:\apache-maven-3.8.1\.m2\com\sun\mail\jakarta.mail\1.6.7\jakarta.mail-1.6.7.jar;D:\apache-maven-3.8.1\.m2\com\sun\activation\jakarta.activation\1.2.2\jakarta.activation-1.2.2.jar;D:\apache-maven-3.8.1\.m2\org\springframework\security\spring-security-oauth2-client\5.5.1\spring-security-oauth2-client-5.5.1.jar;D:\apache-maven-3.8.1\.m2\org\springframework\security\spring-security-oauth2-core\5.5.1\spring-security-oauth2-core-5.5.1.jar;D:\apache-maven-3.8.1\.m2\com\nimbusds\oauth2-oidc-sdk\9.9\oauth2-oidc-sdk-9.9.jar;D:\apache-maven-3.8.1\.m2\com\github\stephenc\jcip\jcip-annotations\1.0-1\jcip-annotations-1.0-1.jar;D:\apache-maven-3.8.1\.m2\com\nimbusds\content-type\2.1\content-type-2.1.jar;D:\apache-maven-3.8.1\.m2\com\nimbusds\lang-tag\1.5\lang-tag-1.5.jar;D:\apache-maven-3.8.1\.m2\org\springframework\security\spring-security-oauth2-jose\5.5.1\spring-security-oauth2-jose-5.5.1.jar;D:\apache-maven-3.8.1\.m2\com\nimbusds\nimbus-jose-jwt\9.10\nimbus-jose-jwt-9.10.jar;D:\apache-maven-3.8.1\.m2\org\springframework\boot\spring-boot-starter-oauth2-resource-server\2.5.3\spring-boot-starter-oauth2-resource-server-2.5.3.jar;D:\apache-maven-3.8.1\.m2\org\springframework\security\spring-security-oauth2-resource-server\5.5.1\spring-security-oauth2-resource-server-5.5.1.jar;D:\apache-maven-3.8.1\.m2\org\springframework\boot\spring-boot-starter-data-redis-reactive\2.5.3\spring-boot-starter-data-redis-reactive-2.5.3.jar;D:\apache-maven-3.8.1\.m2\org\springframework\boot\spring-boot-starter-data-redis\2.5.3\spring-boot-starter-data-redis-2.5.3.jar;D:\apache-maven-3.8.1\.m2\io\lettuce\lettuce-core\6.1.4.RELEASE\lettuce-core-6.1.4.RELEASE.jar;D:\apache-maven-3.8.1\.m2\org\springframework\session\spring-session-core\2.5.1\spring-session-core-2.5.1.jar;D:\apache-maven-3.8.1\.m2\org\springframework\spring-jcl\5.3.9\spring-jcl-5.3.9.jar;D:\apache-maven-3.8.1\.m2\org\springframework\session\spring-session-data-redis\2.5.1\spring-session-data-redis-2.5.1.jar;D:\apache-maven-3.8.1\.m2\org\springframework\data\spring-data-redis\2.5.3\spring-data-redis-2.5.3.jar;D:\apache-maven-3.8.1\.m2\org\springframework\data\spring-data-keyvalue\2.5.3\spring-data-keyvalue-2.5.3.jar;D:\apache-maven-3.8.1\.m2\org\springframework\spring-oxm\5.3.9\spring-oxm-5.3.9.jar;D:\apache-maven-3.8.1\.m2\org\springframework\spring-context-support\5.3.9\spring-context-support-5.3.9.jar;D:\apache-maven-3.8.1\.m2\software\amazon\awssdk\s3\2.17.34\s3-2.17.34.jar;D:\apache-maven-3.8.1\.m2\software\amazon\awssdk\aws-xml-protocol\2.17.34\aws-xml-protocol-2.17.34.jar;D:\apache-maven-3.8.1\.m2\software\amazon\awssdk\aws-query-protocol\2.17.34\aws-query-protocol-2.17.34.jar;D:\apache-maven-3.8.1\.m2\software\amazon\awssdk\protocol-core\2.17.34\protocol-core-2.17.34.jar;D:\apache-maven-3.8.1\.m2\software\amazon\awssdk\arns\2.17.34\arns-2.17.34.jar;D:\apache-maven-3.8.1\.m2\software\amazon\awssdk\profiles\2.17.34\profiles-2.17.34.jar;D:\apache-maven-3.8.1\.m2\software\amazon\awssdk\sdk-core\2.17.34\sdk-core-2.17.34.jar;D:\apache-maven-3.8.1\.m2\software\amazon\awssdk\auth\2.17.34\auth-2.17.34.jar;D:\apache-maven-3.8.1\.m2\software\amazon\awssdk\json-utils\2.17.34\json-utils-2.17.34.jar;D:\apache-maven-3.8.1\.m2\software\amazon\awssdk\third-party-jackson-core\2.17.34\third-party-jackson-core-2.17.34.jar;D:\apache-maven-3.8.1\.m2\software\amazon\eventstream\eventstream\1.0.1\eventstream-1.0.1.jar;D:\apache-maven-3.8.1\.m2\software\amazon\awssdk\http-client-spi\2.17.34\http-client-spi-2.17.34.jar;D:\apache-maven-3.8.1\.m2\software\amazon\awssdk\regions\2.17.34\regions-2.17.34.jar;D:\apache-maven-3.8.1\.m2\software\amazon\awssdk\annotations\2.17.34\annotations-2.17.34.jar;D:\apache-maven-3.8.1\.m2\software\amazon\awssdk\utils\2.17.34\utils-2.17.34.jar;D:\apache-maven-3.8.1\.m2\software\amazon\awssdk\aws-core\2.17.34\aws-core-2.17.34.jar;D:\apache-maven-3.8.1\.m2\software\amazon\awssdk\metrics-spi\2.17.34\metrics-spi-2.17.34.jar;D:\apache-maven-3.8.1\.m2\software\amazon\awssdk\apache-client\2.17.34\apache-client-2.17.34.jar;D:\apache-maven-3.8.1\.m2\org\apache\httpcomponents\httpclient\4.5.13\httpclient-4.5.13.jar;D:\apache-maven-3.8.1\.m2\commons-codec\commons-codec\1.15\commons-codec-1.15.jar;D:\apache-maven-3.8.1\.m2\org\apache\httpcomponents\httpcore\4.4.14\httpcore-4.4.14.jar;D:\apache-maven-3.8.1\.m2\software\amazon\awssdk\netty-nio-client\2.17.34\netty-nio-client-2.17.34.jar;D:\apache-maven-3.8.1\.m2\io\netty\netty-codec-http\4.1.66.Final\netty-codec-http-4.1.66.Final.jar;D:\apache-maven-3.8.1\.m2\io\netty\netty-codec-http2\4.1.66.Final\netty-codec-http2-4.1.66.Final.jar;D:\apache-maven-3.8.1\.m2\io\netty\netty-codec\4.1.66.Final\netty-codec-4.1.66.Final.jar;D:\apache-maven-3.8.1\.m2\io\netty\netty-transport\4.1.66.Final\netty-transport-4.1.66.Final.jar;D:\apache-maven-3.8.1\.m2\io\netty\netty-resolver\4.1.66.Final\netty-resolver-4.1.66.Final.jar;D:\apache-maven-3.8.1\.m2\io\netty\netty-common\4.1.66.Final\netty-common-4.1.66.Final.jar;D:\apache-maven-3.8.1\.m2\io\netty\netty-buffer\4.1.66.Final\netty-buffer-4.1.66.Final.jar;D:\apache-maven-3.8.1\.m2\io\netty\netty-handler\4.1.66.Final\netty-handler-4.1.66.Final.jar;D:\apache-maven-3.8.1\.m2\io\netty\netty-transport-native-epoll\4.1.66.Final\netty-transport-native-epoll-4.1.66.Final-linux-x86_64.jar;D:\apache-maven-3.8.1\.m2\io\netty\netty-transport-native-unix-common\4.1.66.Final\netty-transport-native-unix-common-4.1.66.Final.jar;D:\apache-maven-3.8.1\.m2\com\typesafe\netty\netty-reactive-streams-http\2.0.5\netty-reactive-streams-http-2.0.5.jar;D:\apache-maven-3.8.1\.m2\com\typesafe\netty\netty-reactive-streams\2.0.5\netty-reactive-streams-2.0.5.jar;D:\apache-maven-3.8.1\.m2\org\reactivestreams\reactive-streams\1.0.3\reactive-streams-1.0.3.jar;D:\apache-maven-3.8.1\.m2\org\slf4j\slf4j-api\1.7.32\slf4j-api-1.7.32.jar;D:\apache-maven-3.8.1\.m2\org\springframework\boot\spring-boot-starter-data-mongodb\2.5.3\spring-boot-starter-data-mongodb-2.5.3.jar;D:\apache-maven-3.8.1\.m2\org\mongodb\mongodb-driver-sync\4.2.3\mongodb-driver-sync-4.2.3.jar;"/>
    <property name="sun.cpu.endian" value="little"/>
    <property name="user.home" value="C:\Users\galih diarsyah"/>
    <property name="user.language" value="en"/>
    <property name="java.specification.vendor" value="Oracle Corporation"/>
    <property name="java.version.date" value="2021-07-20"/>
    <property name="java.home" value="C:\Program Files\Java\graalvm-ce-java11-20.3.3"/>
    <property name="file.separator" value="\"/>
    <property name="basedir" value="E:\UMKM\api-gateway"/>
    <property name="java.vm.compressedOopsMode" value="32-bit"/>
    <property name="line.separator" value="&#10;"/>
    <property name="jdk.internal.vm.ci.enabled" value="true"/>
    <property name="java.specification.name" value="Java Platform API Specification"/>
    <property name="java.vm.specification.vendor" value="Oracle Corporation"/>
    <property name="java.awt.graphicsenv" value="sun.awt.Win32GraphicsEnvironment"/>
    <property name="surefire.real.class.path" value="C:\Users\GALIHD~1\AppData\Local\Temp\surefire5672269167965478794\surefirebooter13967580112969359635.jar"/>
    <property name="user.script" value=""/>
    <property name="sun.management.compiler" value="HotSpot 64-Bit Tiered Compilers"/>
    <property name="java.runtime.version" value="11.0.12+6-jvmci-20.3-b20"/>
    <property name="user.name" value="galih diarsyah"/>
    <property name="path.separator" value=";"/>
    <property name="os.version" value="10.0"/>
    <property name="java.runtime.name" value="OpenJDK Runtime Environment"/>
    <property name="file.encoding" value="Cp1252"/>
    <property name="java.vm.name" value="OpenJDK 64-Bit Server VM"/>
    <property name="java.vendor.version" value="GraalVM CE 20.3.3"/>
    <property name="localRepository" value="D:\apache-maven-3.8.1\.m2"/>
    <property name="java.vendor.url.bug" value="https://github.com/oracle/graal/issues"/>
    <property name="java.io.tmpdir" value="C:\Users\GALIHD~1\AppData\Local\Temp\"/>
    <property name="java.version" value="11.0.12"/>
    <property name="user.dir" value="E:\UMKM\api-gateway"/>
    <property name="os.arch" value="amd64"/>
    <property name="java.vm.specification.name" value="Java Virtual Machine Specification"/>
    <property name="java.awt.printerjob" value="sun.awt.windows.WPrinterJob"/>
    <property name="sun.os.patch.level" value=""/>
    <property name="java.library.path" value="C:\Program Files\Java\graalvm-ce-java11-20.3.3\bin;C:\WINDOWS\Sun\Java\bin;C:\WINDOWS\system32;C:\WINDOWS;C:\Program Files (x86)\Common Files\Oracle\Java\javapath;C:\Windows\system32;C:\Windows;C:\Windows\System32\Wbem;C:\Windows\System32\WindowsPowerShell\v1.0\;C:\Windows\System32\OpenSSH\;C:\Program Files (x86)\NVIDIA Corporation\PhysX\Common;C:\Program Files\NVIDIA Corporation\NVIDIA NvDLISR;D:\NodeJs\;C:\WINDOWS\system32;C:\WINDOWS;C:\WINDOWS\System32\Wbem;C:\WINDOWS\System32\WindowsPowerShell\v1.0\;C:\WINDOWS\System32\OpenSSH\;C:\Program Files\dotnet\;C:\Program Files\Java\graalvm-ce-java11-20.3.3\bin;C:\Program Files\Android\jdk\microsoft_dist_openjdk_1.8.0.25\bin;C:\Users\galih diarsyah\AppData\Local\Android\Sdk\tools;C:\Users\galih diarsyah\AppData\Local\Android\Sdk\platform-tools;D:\apache-maven-3.8.1\bin;C:\Program Files\MySQL\MySQL Shell 8.0\bin\;C:\Users\galih diarsyah\AppData\Local\Microsoft\WindowsApps;C:\Users\galih diarsyah\AppData\Roaming\npm;D:\Microsoft VS Code\bin;D:\apache-maven-3.6.3\bin;C:\Program Files\Java\jdk-11.0.10\bin;C:\Users\galih diarsyah\.dotnet\tools;C:\Program Files\heroku\bin;."/>
    <property name="java.vm.info" value="mixed mode, sharing"/>
    <property name="java.vendor" value="GraalVM Community"/>
    <property name="java.vm.version" value="11.0.12+6-jvmci-20.3-b20"/>
    <property name="sun.io.unicode.encoding" value="UnicodeLittle"/>
    <property name="java.class.version" value="55.0"/>
  </properties>
  <testcase name="contextLoads" classname="umkm.icaland.apigateway.ApiGatewayApplicationTests" time="0.496"/>
</testsuite>